{
  meta: {
    req: {
      url: '/',
      headers: {
        host: 'localhost:8080',
        'user-agent': 'Mozilla/5.0 (Windows NT 10.0; Win64; x64; rv:122.0) Gecko/20100101 Firefox/122.0',
        accept: 'text/html,application/xhtml+xml,application/xml;q=0.9,image/avif,image/webp,*/*;q=0.8',
        'accept-language': 'en-US,en;q=0.5',
        'accept-encoding': 'gzip, deflate, br',
        connection: 'keep-alive',
        'upgrade-insecure-requests': '1',
        'sec-fetch-dest': 'document',
        'sec-fetch-mode': 'navigate',
        'sec-fetch-site': 'none',
        'sec-fetch-user': '?1',
        'if-none-match': 'W/"9-MGNMHSlmVAdeK1+AtfLnHw6r5jA"'
      },
      method: 'GET',
      httpVersion: '1.1',
      originalUrl: '/',
      query: {}
    },
    res: { statusCode: 400 },
    responseTime: 3
  },
  level: '\x1B[33mwarn\x1B[39m',
  message: 'HTTP GET /'
}
